<?xml version="1.0" encoding="UTF-8"?>
<!-- Generated by org.testng.reporters.JUnitXMLReporter -->
<testsuite ignored="0" hostname="LAPTOP-UP2OHUBA" failures="0" tests="4" name="Test" time="0.04" errors="0" timestamp="2021-01-29T15:19:55 PST">
  <testcase classname="qaclickacademy.AppiumTest" name="IOSApp" time="0.004"/>
  <testcase classname="qaclickacademy.AppiumTest" name="NativeAndriod" time="0.001"/>
  <testcase classname="qaclickacademy.SeleniumTest" name="BrowserAutomation" time="0.001"/>
  <testcase classname="qaclickacademy.SeleniumTest" name="elementsUI" time="0.0"/>
</testsuite> <!-- Test -->
