<?xml version="1.0" encoding="UTF-8"?>
<testng-results ignored="0" total="4" passed="4" failed="0" skipped="0">
  <reporter-output>
  </reporter-output>
  <suite started-at="2021-01-29T15:19:55 PST" name="Suite" finished-at="2021-01-29T15:19:55 PST" duration-ms="40">
    <groups>
    </groups>
    <test started-at="2021-01-29T15:19:55 PST" name="Test" finished-at="2021-01-29T15:19:55 PST" duration-ms="40">
      <class name="qaclickacademy.AppiumTest">
        <test-method signature="IOSApp()[pri:0, instance:qaclickacademy.AppiumTest@50a7bc6e]" started-at="2021-01-29T15:19:55 PST" name="IOSApp" finished-at="2021-01-29T15:19:55 PST" duration-ms="4" status="PASS">
          <reporter-output>
          </reporter-output>
        </test-method> <!-- IOSApp -->
        <test-method signature="NativeAndriod()[pri:0, instance:qaclickacademy.AppiumTest@50a7bc6e]" started-at="2021-01-29T15:19:55 PST" name="NativeAndriod" finished-at="2021-01-29T15:19:55 PST" duration-ms="1" status="PASS">
          <reporter-output>
          </reporter-output>
        </test-method> <!-- NativeAndriod -->
      </class> <!-- qaclickacademy.AppiumTest -->
      <class name="qaclickacademy.SeleniumTest">
        <test-method signature="BrowserAutomation()[pri:0, instance:qaclickacademy.SeleniumTest@161b062a]" started-at="2021-01-29T15:19:55 PST" name="BrowserAutomation" finished-at="2021-01-29T15:19:55 PST" duration-ms="1" status="PASS">
          <reporter-output>
          </reporter-output>
        </test-method> <!-- BrowserAutomation -->
        <test-method signature="elementsUI()[pri:0, instance:qaclickacademy.SeleniumTest@161b062a]" started-at="2021-01-29T15:19:55 PST" name="elementsUI" finished-at="2021-01-29T15:19:55 PST" duration-ms="0" status="PASS">
          <reporter-output>
          </reporter-output>
        </test-method> <!-- elementsUI -->
      </class> <!-- qaclickacademy.SeleniumTest -->
    </test> <!-- Test -->
  </suite> <!-- Suite -->
</testng-results>
